----------NLog Demo Starting--------
2016-04-13 22:06:12.7616|INFO|AutomationFrameWork.Base.ReportManager|Before in report Suite: --, from TestNlog.{no method}.
2016-04-13 22:06:12.7807|INFO|AutomationFrameWork.Base.ReportManager|Total Test Case: 2
2016-04-13 22:06:12.7807|INFO|AutomationFrameWork.Base.ReportManager|Start test AutomationFrameWork.TestNlog
2016-04-13 22:06:12.7807|INFO|AutomationFrameWork.Base.ReportManager|Before in report Test: --, from TestNlog.TesTNlog1.
2016-04-13 22:06:12.7807|INFO|AutomationFrameWork.Base.ReportManager|Total Test Case: 1
2016-04-13 22:06:12.7807|INFO|AutomationFrameWork.Base.ReportManager|Start test AutomationFrameWork.TestNlog.TesTNlog1
2016-04-13 22:06:12.7807|INFO|AutomationFrameWork.Base.ReportManager|After in report Test: --, from TestNlog.TesTNlog1.
2016-04-13 22:06:12.7937|INFO|AutomationFrameWork.Base.ReportManager|Total Test Case: 1
2016-04-13 22:06:12.7937|INFO|AutomationFrameWork.Base.ReportManager|Test result Passed
2016-04-13 22:06:12.7937|INFO|AutomationFrameWork.Base.ReportManager|Test error 
2016-04-13 22:06:12.7937|INFO|AutomationFrameWork.Base.ReportManager|Test result mess 
2016-04-13 22:06:12.7937|INFO|AutomationFrameWork.Base.ReportManager|Before in report Test: --, from TestNlog.TesTNlog2.
2016-04-13 22:06:12.7937|INFO|AutomationFrameWork.Base.ReportManager|Total Test Case: 1
2016-04-13 22:06:12.7937|INFO|AutomationFrameWork.Base.ReportManager|Start test AutomationFrameWork.TestNlog.TesTNlog2
2016-04-13 22:06:12.8077|INFO|AutomationFrameWork.Base.ReportManager|After in report Test: --, from TestNlog.TesTNlog2.
2016-04-13 22:06:12.8077|INFO|AutomationFrameWork.Base.ReportManager|Total Test Case: 1
2016-04-13 22:06:12.8077|INFO|AutomationFrameWork.Base.ReportManager|Test result Failed
2016-04-13 22:06:12.8077|INFO|AutomationFrameWork.Base.ReportManager|Test error at AutomationFrameWork.TestNlog.TesTNlog2() in D:\WorkSpace\Git\AutomationFramework\TestNlog.cs:line 25

2016-04-13 22:06:12.8077|INFO|AutomationFrameWork.Base.ReportManager|Test result mess   Expected: True
  But was:  False

2016-04-13 22:06:12.8077|INFO|AutomationFrameWork.Base.ReportManager|After in report Suite: --, from TestNlog.{no method}.
2016-04-13 22:06:12.8077|INFO|AutomationFrameWork.Base.ReportManager|Total Test Case: 2
2016-04-13 22:06:12.8077|INFO|AutomationFrameWork.Base.ReportManager|Test result Failed
2016-04-13 22:06:12.8077|INFO|AutomationFrameWork.Base.ReportManager|Test error 
2016-04-13 22:06:12.8077|INFO|AutomationFrameWork.Base.ReportManager|Test result mess One or more child tests had errors
----------NLog Demo Ending-----------
