----------NLog Demo Starting--------
2016-04-20 23:26:00.7493|INFO|AutomationFrameWork.Base.ReportManager|This run one time
2016-04-20 23:26:00.7553|INFO|AutomationFrameWork.Base.ReportManager|Before in report Suite: --, from TestNlog.{no method}.
2016-04-20 23:26:00.7553|INFO|AutomationFrameWork.Base.ReportManager|Total Test Case: 2
2016-04-20 23:26:00.7553|INFO|AutomationFrameWork.Base.ReportManager|Start test AutomationFrameWork.TestNlog
2016-04-20 23:26:00.7708|INFO|AutomationFrameWork.Base.ReportManager|Before in report Test: --, from TestNlog.Use1.
2016-04-20 23:26:00.7708|INFO|AutomationFrameWork.Base.ReportManager|Total Test Case: 1
2016-04-20 23:26:00.7708|INFO|AutomationFrameWork.Base.ReportManager|Start test AutomationFrameWork.TestNlog.Use1
2016-04-20 23:26:00.7708|INFO|AutomationFrameWork.Base.ReportManager|After in report Test: --, from TestNlog.Use1.
2016-04-20 23:26:00.7708|INFO|AutomationFrameWork.Base.ReportManager|Total Test Case: 1
2016-04-20 23:26:00.7848|INFO|AutomationFrameWork.Base.ReportManager|Test result Passed
2016-04-20 23:26:00.7848|INFO|AutomationFrameWork.Base.ReportManager|Test error 
2016-04-20 23:26:00.7848|INFO|AutomationFrameWork.Base.ReportManager|Test result mess 
2016-04-20 23:26:00.7848|INFO|AutomationFrameWork.Base.ReportManager|Before in report Test: --, from TestNlog.Use2.
2016-04-20 23:26:00.7848|INFO|AutomationFrameWork.Base.ReportManager|Total Test Case: 1
2016-04-20 23:26:00.7848|INFO|AutomationFrameWork.Base.ReportManager|Start test AutomationFrameWork.TestNlog.Use2
2016-04-20 23:26:00.8013|INFO|AutomationFrameWork.Base.ReportManager|After in report Test: --, from TestNlog.Use2.
2016-04-20 23:26:00.8013|INFO|AutomationFrameWork.Base.ReportManager|Total Test Case: 1
2016-04-20 23:26:00.8013|INFO|AutomationFrameWork.Base.ReportManager|Test result Passed
2016-04-20 23:26:00.8013|INFO|AutomationFrameWork.Base.ReportManager|Test error 
2016-04-20 23:26:00.8013|INFO|AutomationFrameWork.Base.ReportManager|Test result mess 
2016-04-20 23:26:00.8013|INFO|AutomationFrameWork.Base.ReportManager|After in report Suite: --, from TestNlog.{no method}.
2016-04-20 23:26:00.8154|INFO|AutomationFrameWork.Base.ReportManager|Total Test Case: 2
2016-04-20 23:26:00.8154|INFO|AutomationFrameWork.Base.ReportManager|Test result Passed
2016-04-20 23:26:00.8154|INFO|AutomationFrameWork.Base.ReportManager|Test error 
2016-04-20 23:26:00.8154|INFO|AutomationFrameWork.Base.ReportManager|Test result mess 
2016-04-20 23:26:00.8154|INFO|AutomationFrameWork.Base.ReportManager|Total Pass: 2
2016-04-20 23:26:00.8154|INFO|AutomationFrameWork.Base.ReportManager|Total Fail: 0
2016-04-20 23:26:00.8154|INFO|AutomationFrameWork.Base.ReportManager|Total Error: 0
----------NLog Demo Ending-----------
