----------NLog Demo Starting--------
2016-04-22 07:55:43.3647|INFO|AutomationFrameWork.Base.ReportManager|This run one time
2016-04-22 07:55:43.3647|INFO|AutomationFrameWork.Base.ReportManager|This run one time
2016-04-22 07:55:43.3647|INFO|AutomationFrameWork.Base.ReportManager|This run one time
2016-04-22 07:55:43.3647|INFO|AutomationFrameWork.Base.ReportManager|This run one time
2016-04-22 07:55:43.3822|INFO|AutomationFrameWork.Base.ReportManager|Total Pass: 0
2016-04-22 07:55:43.3822|INFO|AutomationFrameWork.Base.ReportManager|Total Pass: 0
2016-04-22 07:55:43.3822|INFO|AutomationFrameWork.Base.ReportManager|Total Pass: 0
2016-04-22 07:55:43.3942|INFO|AutomationFrameWork.Base.ReportManager|Total Fail: 0
2016-04-22 07:55:43.3822|INFO|AutomationFrameWork.Base.ReportManager|Total Pass: 0
2016-04-22 07:55:43.3822|INFO|AutomationFrameWork.Base.ReportManager|Total Fail: 0
2016-04-22 07:55:43.3822|INFO|AutomationFrameWork.Base.ReportManager|Total Fail: 0
2016-04-22 07:55:43.3942|INFO|AutomationFrameWork.Base.ReportManager|Total Error: 0
2016-04-22 07:55:43.3942|INFO|AutomationFrameWork.Base.ReportManager|Total Fail: 0
2016-04-22 07:55:43.3942|INFO|AutomationFrameWork.Base.ReportManager|Total Error: 0
2016-04-22 07:55:43.3942|INFO|AutomationFrameWork.Base.ReportManager|Total Error: 0
2016-04-22 07:55:43.4092|INFO|AutomationFrameWork.Base.ReportManager|Total Error: 0
2016-04-22 07:55:43.4652|INFO|AutomationFrameWork.Base.ReportManager|check onetime teardown: 75--False
2016-04-22 07:55:43.4652|INFO|AutomationFrameWork.Base.ReportManager|check onetime teardown: 76--False
2016-04-22 07:55:43.4652|INFO|AutomationFrameWork.Base.ReportManager|check onetime teardown: 75--False
2016-04-22 07:55:43.4652|INFO|AutomationFrameWork.Base.ReportManager|check onetime teardown: 75--False
2016-04-22 07:55:43.4652|INFO|AutomationFrameWork.Base.ReportManager|check onetime teardown: 75--False
2016-04-22 07:55:43.4757|INFO|AutomationFrameWork.Base.ReportManager|check onetime teardown: 77--False
2016-04-22 07:55:43.4757|INFO|AutomationFrameWork.Base.ReportManager|check onetime teardown: 76--False
2016-04-22 07:55:43.4757|INFO|AutomationFrameWork.Base.ReportManager|check onetime teardown: 76--False
2016-04-22 07:55:43.4862|INFO|AutomationFrameWork.Base.ReportManager|check onetime teardown: 76--False
2016-04-22 07:55:43.4862|INFO|AutomationFrameWork.Base.ReportManager|check onetime teardown: 78--False
2016-04-22 07:55:43.5022|INFO|AutomationFrameWork.Base.ReportManager|check onetime teardown: 79--False
2016-04-22 07:55:43.4862|INFO|AutomationFrameWork.Base.ReportManager|check onetime teardown: 77--False
2016-04-22 07:55:43.4862|INFO|AutomationFrameWork.Base.ReportManager|check onetime teardown: 77--False
2016-04-22 07:55:43.5022|INFO|AutomationFrameWork.Base.ReportManager|check onetime teardown: 77--False
2016-04-22 07:55:43.5022|INFO|AutomationFrameWork.Base.ReportManager|check onetime teardown: 81--False
2016-04-22 07:55:43.5022|INFO|AutomationFrameWork.Base.ReportManager|check onetime teardown: 78--False
2016-04-22 07:55:43.5197|INFO|AutomationFrameWork.Base.ReportManager|check onetime teardown: 78--False
2016-04-22 07:55:43.5197|INFO|AutomationFrameWork.Base.ReportManager|check onetime teardown: 78--False
2016-04-22 07:55:43.5197|INFO|AutomationFrameWork.Base.ReportManager|check onetime teardown: 82--False
2016-04-22 07:55:43.5197|INFO|AutomationFrameWork.Base.ReportManager|check onetime teardown: 79--False
2016-04-22 07:55:43.5372|INFO|AutomationFrameWork.Base.ReportManager|check onetime teardown: 79--False
2016-04-22 07:55:43.5372|INFO|AutomationFrameWork.Base.ReportManager|check onetime teardown: 79--False
2016-04-22 07:55:43.5372|INFO|AutomationFrameWork.Base.ReportManager|check onetime teardown: 83--False
2016-04-22 07:55:43.5667|INFO|AutomationFrameWork.Base.ReportManager|check onetime teardown: 84--False
2016-04-22 07:55:43.5512|INFO|AutomationFrameWork.Base.ReportManager|check onetime teardown: 81--False
2016-04-22 07:55:43.5512|INFO|AutomationFrameWork.Base.ReportManager|check onetime teardown: 81--False
2016-04-22 07:55:43.5512|INFO|AutomationFrameWork.Base.ReportManager|check onetime teardown: 81--False
2016-04-22 07:55:43.5667|INFO|AutomationFrameWork.Base.ReportManager|check onetime teardown: 85--False
2016-04-22 07:55:43.5812|INFO|AutomationFrameWork.Base.ReportManager|check onetime teardown: 82--False
2016-04-22 07:55:43.5957|INFO|AutomationFrameWork.Base.ReportManager|check onetime teardown: 82--False
2016-04-22 07:55:43.5957|INFO|AutomationFrameWork.Base.ReportManager|check onetime teardown: 82--False
2016-04-22 07:55:43.6142|INFO|AutomationFrameWork.Base.ReportManager|check onetime teardown: 86--False
2016-04-22 07:55:43.6142|INFO|AutomationFrameWork.Base.ReportManager|check onetime teardown: 83--False
2016-04-22 07:55:43.6142|INFO|AutomationFrameWork.Base.ReportManager|check onetime teardown: 83--False
2016-04-22 07:55:43.6307|INFO|AutomationFrameWork.Base.ReportManager|check onetime teardown: 83--False
2016-04-22 07:55:43.6307|INFO|AutomationFrameWork.Base.ReportManager|check onetime teardown: 87--False
2016-04-22 07:55:43.6307|INFO|AutomationFrameWork.Base.ReportManager|check onetime teardown: 84--False
2016-04-22 07:55:43.6452|INFO|AutomationFrameWork.Base.ReportManager|check onetime teardown: 84--False
2016-04-22 07:55:43.6637|INFO|AutomationFrameWork.Base.ReportManager|check onetime teardown: 85--False
2016-04-22 07:55:43.6452|INFO|AutomationFrameWork.Base.ReportManager|check onetime teardown: 84--False
2016-04-22 07:55:43.6452|INFO|AutomationFrameWork.Base.ReportManager|check onetime teardown: 88--True
2016-04-22 07:55:43.6452|INFO|AutomationFrameWork.Base.ReportManager|check onetime teardown: 85--False
2016-04-22 07:55:43.6637|INFO|AutomationFrameWork.Base.ReportManager|check onetime teardown: 86--False
2016-04-22 07:55:43.6757|INFO|AutomationFrameWork.Base.ReportManager|check onetime teardown: 87--False
2016-04-22 07:55:43.6637|INFO|AutomationFrameWork.Base.ReportManager|check onetime teardown: 85--False
2016-04-22 07:55:43.6757|INFO|AutomationFrameWork.Base.ReportManager|check onetime teardown: 89--True
2016-04-22 07:55:43.6757|INFO|AutomationFrameWork.Base.ReportManager|check onetime teardown: 86--False
2016-04-22 07:55:43.6897|INFO|AutomationFrameWork.Base.ReportManager|check onetime teardown: 88--True
2016-04-22 07:55:43.6897|INFO|AutomationFrameWork.Base.ReportManager|check onetime teardown: 86--False
2016-04-22 07:55:43.6897|INFO|AutomationFrameWork.Base.ReportManager|check onetime teardown: 90--True
2016-04-22 07:55:43.6897|INFO|AutomationFrameWork.Base.ReportManager|check onetime teardown: 87--False
2016-04-22 07:55:43.7117|INFO|AutomationFrameWork.Base.ReportManager|check onetime teardown: 88--True
2016-04-22 07:55:43.6897|INFO|AutomationFrameWork.Base.ReportManager|check onetime teardown: 89--True
2016-04-22 07:55:43.7117|INFO|AutomationFrameWork.Base.ReportManager|check onetime teardown: 87--False
2016-04-22 07:55:43.7117|INFO|AutomationFrameWork.Base.ReportManager|check onetime teardown: 91--True
2016-04-22 07:55:43.7212|INFO|AutomationFrameWork.Base.ReportManager|check onetime teardown: 89--True
2016-04-22 07:55:43.7212|INFO|AutomationFrameWork.Base.ReportManager|check onetime teardown: 90--True
2016-04-22 07:55:43.7392|INFO|AutomationFrameWork.Base.ReportManager|check onetime teardown: 91--True
2016-04-22 07:55:43.7212|INFO|AutomationFrameWork.Base.ReportManager|check onetime teardown: 88--True
2016-04-22 07:55:43.7212|INFO|AutomationFrameWork.Base.ReportManager|check onetime teardown: 92--True
2016-04-22 07:55:43.7212|INFO|AutomationFrameWork.Base.ReportManager|check onetime teardown: 90--True
2016-04-22 07:55:43.7392|INFO|AutomationFrameWork.Base.ReportManager|check onetime teardown: 92--True
2016-04-22 07:55:43.7527|INFO|AutomationFrameWork.Base.ReportManager|Total Pass: 1
2016-04-22 07:55:43.7392|INFO|AutomationFrameWork.Base.ReportManager|check onetime teardown: 89--True
2016-04-22 07:55:43.7392|INFO|AutomationFrameWork.Base.ReportManager|Total Pass: 1
2016-04-22 07:55:43.7527|INFO|AutomationFrameWork.Base.ReportManager|check onetime teardown: 91--True
2016-04-22 07:55:43.7687|INFO|AutomationFrameWork.Base.ReportManager|check onetime teardown: 92--True
2016-04-22 07:55:43.7527|INFO|AutomationFrameWork.Base.ReportManager|Total Fail: 0
2016-04-22 07:55:43.7527|INFO|AutomationFrameWork.Base.ReportManager|check onetime teardown: 90--True
2016-04-22 07:55:43.7687|INFO|AutomationFrameWork.Base.ReportManager|Total Fail: 0
2016-04-22 07:55:43.7687|INFO|AutomationFrameWork.Base.ReportManager|Total Pass: 1
2016-04-22 07:55:43.7687|INFO|AutomationFrameWork.Base.ReportManager|Total Error: 0
2016-04-22 07:55:43.7832|INFO|AutomationFrameWork.Base.ReportManager|check onetime teardown: 91--True
2016-04-22 07:55:43.7832|INFO|AutomationFrameWork.Base.ReportManager|Total Error: 0
2016-04-22 07:55:43.7832|INFO|AutomationFrameWork.Base.ReportManager|Total Fail: 0
2016-04-22 07:55:43.8012|INFO|AutomationFrameWork.Base.ReportManager|Total Error: 0
2016-04-22 07:55:43.8012|INFO|AutomationFrameWork.Base.ReportManager|check onetime teardown: 92--True
2016-04-22 07:55:43.8192|INFO|AutomationFrameWork.Base.ReportManager|Total Pass: 1
2016-04-22 07:55:43.8192|INFO|AutomationFrameWork.Base.ReportManager|Total Fail: 0
2016-04-22 07:55:43.8192|INFO|AutomationFrameWork.Base.ReportManager|Total Error: 0
----------NLog Demo Ending-----------
