----------NLog Demo Starting--------
2016-04-22 23:29:42.2736|INFO|AutomationFrameWork.Base.ReportManager|This run one time
2016-04-22 23:29:42.2846|INFO|AutomationFrameWork.Base.ReportManager|Total Pass: 0
2016-04-22 23:29:42.2846|INFO|AutomationFrameWork.Base.ReportManager|Total Fail: 0
2016-04-22 23:29:42.2846|INFO|AutomationFrameWork.Base.ReportManager|Total Error: 0
2016-04-22 23:29:42.3026|INFO|AutomationFrameWork.Base.ReportManager|check onetime teardown: 75--False
2016-04-22 23:29:42.3026|INFO|AutomationFrameWork.Base.ReportManager|check onetime teardown: 76--False
2016-04-22 23:29:42.3026|INFO|AutomationFrameWork.Base.ReportManager|check onetime teardown: 77--False
2016-04-22 23:29:42.3026|INFO|AutomationFrameWork.Base.ReportManager|check onetime teardown: 78--True
2016-04-22 23:29:42.3026|INFO|AutomationFrameWork.Base.ReportManager|check onetime teardown: 79--True
2016-04-22 23:29:42.3026|INFO|AutomationFrameWork.Base.ReportManager|check onetime teardown: 81--True
2016-04-22 23:29:42.3151|INFO|AutomationFrameWork.Base.ReportManager|check onetime teardown: 82--True
2016-04-22 23:29:42.3151|INFO|AutomationFrameWork.Base.ReportManager|check onetime teardown: 83--True
2016-04-22 23:29:42.3151|INFO|AutomationFrameWork.Base.ReportManager|check onetime teardown: 84--True
2016-04-22 23:29:42.3151|INFO|AutomationFrameWork.Base.ReportManager|check onetime teardown: 85--True
2016-04-22 23:29:42.3151|INFO|AutomationFrameWork.Base.ReportManager|check onetime teardown: 86--True
2016-04-22 23:29:42.3151|INFO|AutomationFrameWork.Base.ReportManager|check onetime teardown: 87--True
2016-04-22 23:29:42.3151|INFO|AutomationFrameWork.Base.ReportManager|check onetime teardown: 88--True
2016-04-22 23:29:42.3151|INFO|AutomationFrameWork.Base.ReportManager|check onetime teardown: 89--True
2016-04-22 23:29:42.3151|INFO|AutomationFrameWork.Base.ReportManager|check onetime teardown: 90--True
2016-04-22 23:29:42.3311|INFO|AutomationFrameWork.Base.ReportManager|check onetime teardown: 91--True
2016-04-22 23:29:42.3311|INFO|AutomationFrameWork.Base.ReportManager|check onetime teardown: 92--True
2016-04-22 23:29:42.3311|INFO|AutomationFrameWork.Base.ReportManager|Total Pass: 0
2016-04-22 23:29:42.3311|INFO|AutomationFrameWork.Base.ReportManager|Total Fail: 1
2016-04-22 23:29:42.3311|INFO|AutomationFrameWork.Base.ReportManager|Total Error: 0
----------NLog Demo Ending-----------
