----------NLog Demo Starting--------
2016-04-21 16:48:52.9030|INFO|AutomationFrameWork.Base.ReportManager|This run one time
2016-04-21 16:48:52.9100|INFO|AutomationFrameWork.Base.ReportManager|Total Pass: 0
2016-04-21 16:48:52.9100|INFO|AutomationFrameWork.Base.ReportManager|Total Fail: 0
2016-04-21 16:48:52.9100|INFO|AutomationFrameWork.Base.ReportManager|Total Error: 0
2016-04-21 16:48:52.9230|INFO|AutomationFrameWork.Base.ReportManager|Before in report Suite: --, from TestNlog.{no method}.
2016-04-21 16:48:52.9230|INFO|AutomationFrameWork.Base.ReportManager|Total Test Case: 2
2016-04-21 16:48:52.9230|INFO|AutomationFrameWork.Base.ReportManager|Start test AutomationFrameWork.TestNlog
2016-04-21 16:48:52.9230|INFO|AutomationFrameWork.Base.ReportManager|Before in report Test: --, from TestNlog.Use1.
2016-04-21 16:48:52.9230|INFO|AutomationFrameWork.Base.ReportManager|Total Test Case: 1
2016-04-21 16:48:52.9230|INFO|AutomationFrameWork.Base.ReportManager|Start test AutomationFrameWork.TestNlog.Use1
2016-04-21 16:49:22.5912|INFO|AutomationFrameWork.Base.ReportManager|After in report Test: --, from TestNlog.Use1.
2016-04-21 16:49:22.5932|INFO|AutomationFrameWork.Base.ReportManager|Total Test Case: 1
2016-04-21 16:49:22.5932|INFO|AutomationFrameWork.Base.ReportManager|Test result Passed
2016-04-21 16:49:22.5932|INFO|AutomationFrameWork.Base.ReportManager|Test error 
2016-04-21 16:49:22.5932|INFO|AutomationFrameWork.Base.ReportManager|Test result mess 
2016-04-21 16:49:22.5932|INFO|AutomationFrameWork.Base.ReportManager|After in report Suite: --, from TestNlog.{no method}.
2016-04-21 16:49:22.6102|INFO|AutomationFrameWork.Base.ReportManager|Total Test Case: 2
2016-04-21 16:49:22.6102|INFO|AutomationFrameWork.Base.ReportManager|Test result Passed
2016-04-21 16:49:22.6102|INFO|AutomationFrameWork.Base.ReportManager|Test error 
2016-04-21 16:49:22.6102|INFO|AutomationFrameWork.Base.ReportManager|Test result mess 
2016-04-21 16:49:22.6102|INFO|AutomationFrameWork.Base.ReportManager|check onetime teardown: 75--True
2016-04-21 16:49:22.6263|INFO|AutomationFrameWork.Base.ReportManager|check onetime teardown: 76--True
2016-04-21 16:49:22.6263|INFO|AutomationFrameWork.Base.ReportManager|check onetime teardown: 77--True
2016-04-21 16:49:22.6263|INFO|AutomationFrameWork.Base.ReportManager|check onetime teardown: 78--True
2016-04-21 16:49:22.6263|INFO|AutomationFrameWork.Base.ReportManager|check onetime teardown: 79--True
2016-04-21 16:49:22.6263|INFO|AutomationFrameWork.Base.ReportManager|check onetime teardown: 81--True
2016-04-21 16:49:22.6263|INFO|AutomationFrameWork.Base.ReportManager|check onetime teardown: 82--True
2016-04-21 16:49:22.6263|INFO|AutomationFrameWork.Base.ReportManager|Total Pass: 1
2016-04-21 16:49:22.6412|INFO|AutomationFrameWork.Base.ReportManager|Total Fail: 0
2016-04-21 16:49:22.6412|INFO|AutomationFrameWork.Base.ReportManager|Total Error: 0
----------NLog Demo Ending-----------
