----------NLog Demo Starting--------
2016-04-21 17:03:42.6976|INFO|AutomationFrameWork.Base.ReportManager|This run one time
2016-04-21 17:03:42.7086|INFO|AutomationFrameWork.Base.ReportManager|Total Pass: 0
2016-04-21 17:03:42.7086|INFO|AutomationFrameWork.Base.ReportManager|Total Fail: 0
2016-04-21 17:03:42.7086|INFO|AutomationFrameWork.Base.ReportManager|Total Error: 0
2016-04-21 17:03:42.7086|INFO|AutomationFrameWork.Base.ReportManager|Before in report Suite: --, from TestNlog.{no method}.
2016-04-21 17:03:42.7086|INFO|AutomationFrameWork.Base.ReportManager|Total Test Case: 2
2016-04-21 17:03:42.7086|INFO|AutomationFrameWork.Base.ReportManager|Start test AutomationFrameWork.TestNlog
2016-04-21 17:03:45.4377|INFO|AutomationFrameWork.Base.ReportManager|Before in report Test: --, from TestNlog.Use1.
2016-04-21 17:03:45.4407|INFO|AutomationFrameWork.Base.ReportManager|Total Test Case: 1
2016-04-21 17:03:45.4407|INFO|AutomationFrameWork.Base.ReportManager|Start test AutomationFrameWork.TestNlog.Use1
2016-04-21 17:03:45.4407|INFO|AutomationFrameWork.Base.ReportManager|After in report Test: --, from TestNlog.Use1.
2016-04-21 17:03:45.4407|INFO|AutomationFrameWork.Base.ReportManager|Total Test Case: 1
2016-04-21 17:03:45.4407|INFO|AutomationFrameWork.Base.ReportManager|Test result Passed
2016-04-21 17:03:45.4547|INFO|AutomationFrameWork.Base.ReportManager|Test error 
2016-04-21 17:03:45.4547|INFO|AutomationFrameWork.Base.ReportManager|Test result mess 
2016-04-21 17:03:48.4018|INFO|AutomationFrameWork.Base.ReportManager|Before in report Test: --, from TestNlog.Use2.
2016-04-21 17:03:48.4018|INFO|AutomationFrameWork.Base.ReportManager|Total Test Case: 1
2016-04-21 17:03:48.4018|INFO|AutomationFrameWork.Base.ReportManager|Start test AutomationFrameWork.TestNlog.Use2
2016-04-21 17:03:48.4088|INFO|AutomationFrameWork.Base.ReportManager|After in report Test: --, from TestNlog.Use2.
2016-04-21 17:03:48.4088|INFO|AutomationFrameWork.Base.ReportManager|Total Test Case: 1
2016-04-21 17:03:48.4088|INFO|AutomationFrameWork.Base.ReportManager|Test result Passed
2016-04-21 17:03:48.4088|INFO|AutomationFrameWork.Base.ReportManager|Test error 
2016-04-21 17:03:48.4419|INFO|AutomationFrameWork.Base.ReportManager|Test result mess 
2016-04-21 17:03:48.4419|INFO|AutomationFrameWork.Base.ReportManager|After in report Suite: --, from TestNlog.{no method}.
2016-04-21 17:03:48.4419|INFO|AutomationFrameWork.Base.ReportManager|Total Test Case: 2
2016-04-21 17:03:48.4419|INFO|AutomationFrameWork.Base.ReportManager|Test result Failed
2016-04-21 17:03:48.4559|INFO|AutomationFrameWork.Base.ReportManager|Test error 
2016-04-21 17:03:48.4559|INFO|AutomationFrameWork.Base.ReportManager|Test result mess One or more child tests had errors
2016-04-21 17:03:48.4559|INFO|AutomationFrameWork.Base.ReportManager|check onetime teardown: 75--False
2016-04-21 17:03:48.4559|INFO|AutomationFrameWork.Base.ReportManager|check onetime teardown: 76--False
2016-04-21 17:03:48.4559|INFO|AutomationFrameWork.Base.ReportManager|check onetime teardown: 77--False
2016-04-21 17:03:48.4559|INFO|AutomationFrameWork.Base.ReportManager|check onetime teardown: 78--False
2016-04-21 17:03:48.4729|INFO|AutomationFrameWork.Base.ReportManager|check onetime teardown: 79--False
2016-04-21 17:03:48.4729|INFO|AutomationFrameWork.Base.ReportManager|check onetime teardown: 81--False
2016-04-21 17:03:48.4729|INFO|AutomationFrameWork.Base.ReportManager|check onetime teardown: 82--True
2016-04-21 17:03:48.4729|INFO|AutomationFrameWork.Base.ReportManager|Total Pass: 0
2016-04-21 17:03:48.4729|INFO|AutomationFrameWork.Base.ReportManager|Total Fail: 2
2016-04-21 17:03:48.4729|INFO|AutomationFrameWork.Base.ReportManager|Total Error: 0
----------NLog Demo Ending-----------
