----------NLog Demo Starting--------
2016-04-21 17:01:39.3835|INFO|AutomationFrameWork.Base.ReportManager|This run one time
2016-04-21 17:01:39.3965|INFO|AutomationFrameWork.Base.ReportManager|Total Pass: 0
2016-04-21 17:01:39.3965|INFO|AutomationFrameWork.Base.ReportManager|Total Fail: 0
2016-04-21 17:01:39.3965|INFO|AutomationFrameWork.Base.ReportManager|Total Error: 0
2016-04-21 17:01:39.3965|INFO|AutomationFrameWork.Base.ReportManager|Before in report Suite: --, from TestNlog.{no method}.
2016-04-21 17:01:39.3965|INFO|AutomationFrameWork.Base.ReportManager|Total Test Case: 2
2016-04-21 17:01:39.3965|INFO|AutomationFrameWork.Base.ReportManager|Start test AutomationFrameWork.TestNlog
2016-04-21 17:01:42.1750|INFO|AutomationFrameWork.Base.ReportManager|Before in report Test: --, from TestNlog.Use1.
2016-04-21 17:01:42.1750|INFO|AutomationFrameWork.Base.ReportManager|Total Test Case: 1
2016-04-21 17:01:42.1750|INFO|AutomationFrameWork.Base.ReportManager|Start test AutomationFrameWork.TestNlog.Use1
2016-04-21 17:01:42.1750|INFO|AutomationFrameWork.Base.ReportManager|After in report Test: --, from TestNlog.Use1.
2016-04-21 17:01:42.1750|INFO|AutomationFrameWork.Base.ReportManager|Total Test Case: 1
2016-04-21 17:01:42.1750|INFO|AutomationFrameWork.Base.ReportManager|Test result Passed
2016-04-21 17:01:42.1750|INFO|AutomationFrameWork.Base.ReportManager|Test error 
2016-04-21 17:01:42.1910|INFO|AutomationFrameWork.Base.ReportManager|Test result mess 
2016-04-21 17:01:44.8761|INFO|AutomationFrameWork.Base.ReportManager|Before in report Test: --, from TestNlog.Use2.
2016-04-21 17:01:44.8801|INFO|AutomationFrameWork.Base.ReportManager|Total Test Case: 1
2016-04-21 17:01:44.8801|INFO|AutomationFrameWork.Base.ReportManager|Start test AutomationFrameWork.TestNlog.Use2
2016-04-21 17:01:44.8801|INFO|AutomationFrameWork.Base.ReportManager|After in report Test: --, from TestNlog.Use2.
2016-04-21 17:01:44.8801|INFO|AutomationFrameWork.Base.ReportManager|Total Test Case: 1
2016-04-21 17:01:44.8801|INFO|AutomationFrameWork.Base.ReportManager|Test result Passed
2016-04-21 17:01:44.8801|INFO|AutomationFrameWork.Base.ReportManager|Test error 
2016-04-21 17:01:44.8951|INFO|AutomationFrameWork.Base.ReportManager|Test result mess 
2016-04-21 17:01:44.8951|INFO|AutomationFrameWork.Base.ReportManager|After in report Suite: --, from TestNlog.{no method}.
2016-04-21 17:01:44.8951|INFO|AutomationFrameWork.Base.ReportManager|Total Test Case: 2
2016-04-21 17:01:44.8951|INFO|AutomationFrameWork.Base.ReportManager|Test result Passed
2016-04-21 17:01:44.8951|INFO|AutomationFrameWork.Base.ReportManager|Test error 
2016-04-21 17:01:44.8951|INFO|AutomationFrameWork.Base.ReportManager|Test result mess 
2016-04-21 17:01:44.9101|INFO|AutomationFrameWork.Base.ReportManager|check onetime teardown: 75--False
2016-04-21 17:01:44.9101|INFO|AutomationFrameWork.Base.ReportManager|check onetime teardown: 76--False
2016-04-21 17:01:44.9101|INFO|AutomationFrameWork.Base.ReportManager|check onetime teardown: 77--False
2016-04-21 17:01:44.9101|INFO|AutomationFrameWork.Base.ReportManager|check onetime teardown: 78--False
2016-04-21 17:01:44.9101|INFO|AutomationFrameWork.Base.ReportManager|check onetime teardown: 79--False
2016-04-21 17:01:44.9101|INFO|AutomationFrameWork.Base.ReportManager|check onetime teardown: 81--False
2016-04-21 17:01:44.9251|INFO|AutomationFrameWork.Base.ReportManager|check onetime teardown: 82--True
2016-04-21 17:01:44.9251|INFO|AutomationFrameWork.Base.ReportManager|Total Pass: 2
2016-04-21 17:01:44.9251|INFO|AutomationFrameWork.Base.ReportManager|Total Fail: 0
2016-04-21 17:01:44.9251|INFO|AutomationFrameWork.Base.ReportManager|Total Error: 0
----------NLog Demo Ending-----------
