----------NLog Demo Starting--------
2016-04-21 18:32:10.9017|INFO|AutomationFrameWork.Base.ReportManager|This run one time
2016-04-21 18:32:10.9017|INFO|AutomationFrameWork.Base.ReportManager|This run one time
2016-04-21 18:32:10.9127|INFO|AutomationFrameWork.Base.ReportManager|Total Pass: 0
2016-04-21 18:32:10.9127|INFO|AutomationFrameWork.Base.ReportManager|Total Pass: 0
2016-04-21 18:32:10.9127|INFO|AutomationFrameWork.Base.ReportManager|Total Fail: 0
2016-04-21 18:32:10.9127|INFO|AutomationFrameWork.Base.ReportManager|Total Error: 0
2016-04-21 18:32:10.9127|INFO|AutomationFrameWork.Base.ReportManager|Total Fail: 0
2016-04-21 18:32:10.9267|INFO|AutomationFrameWork.Base.ReportManager|Total Error: 0
2016-04-21 18:32:10.9267|INFO|AutomationFrameWork.Base.ReportManager|Before in report Suite: --, from TestNlog2.{no method}.
2016-04-21 18:32:10.9267|INFO|AutomationFrameWork.Base.ReportManager|Before in report Suite: --, from TestNlog.{no method}.
2016-04-21 18:32:10.9267|INFO|AutomationFrameWork.Base.ReportManager|Total Test Case: 2
2016-04-21 18:32:10.9267|INFO|AutomationFrameWork.Base.ReportManager|Start test AutomationFrameWork.TestNlog
2016-04-21 18:32:10.9267|INFO|AutomationFrameWork.Base.ReportManager|Total Test Case: 2
2016-04-21 18:32:10.9397|INFO|AutomationFrameWork.Base.ReportManager|Start test AutomationFrameWork.Test.TestNlog2
2016-04-21 18:32:13.3043|INFO|AutomationFrameWork.Base.ReportManager|Before in report Test: --, from TestNlog2.Use1.
2016-04-21 18:32:13.3043|INFO|AutomationFrameWork.Base.ReportManager|Total Test Case: 1
2016-04-21 18:32:13.3043|INFO|AutomationFrameWork.Base.ReportManager|Start test AutomationFrameWork.Test.TestNlog2.Use1
2016-04-21 18:32:13.3043|INFO|AutomationFrameWork.Base.ReportManager|After in report Test: --, from TestNlog2.Use1.
2016-04-21 18:32:13.3153|INFO|AutomationFrameWork.Base.ReportManager|Total Test Case: 1
2016-04-21 18:32:13.3153|INFO|AutomationFrameWork.Base.ReportManager|Test result Passed
2016-04-21 18:32:13.3153|INFO|AutomationFrameWork.Base.ReportManager|Test error 
2016-04-21 18:32:13.3153|INFO|AutomationFrameWork.Base.ReportManager|Test result mess 
2016-04-21 18:32:13.3383|INFO|AutomationFrameWork.Base.ReportManager|Before in report Test: --, from TestNlog.Use1.
2016-04-21 18:32:13.3383|INFO|AutomationFrameWork.Base.ReportManager|Total Test Case: 1
2016-04-21 18:32:13.3383|INFO|AutomationFrameWork.Base.ReportManager|Start test AutomationFrameWork.TestNlog.Use1
2016-04-21 18:32:13.3468|INFO|AutomationFrameWork.Base.ReportManager|After in report Test: --, from TestNlog.Use1.
2016-04-21 18:32:13.3468|INFO|AutomationFrameWork.Base.ReportManager|Total Test Case: 1
2016-04-21 18:32:13.3468|INFO|AutomationFrameWork.Base.ReportManager|Test result Passed
2016-04-21 18:32:13.3468|INFO|AutomationFrameWork.Base.ReportManager|Test error 
2016-04-21 18:32:13.3468|INFO|AutomationFrameWork.Base.ReportManager|Test result mess 
2016-04-21 18:32:13.4857|INFO|AutomationFrameWork.Base.ReportManager|After in report Suite: --, from TestNlog2.{no method}.
2016-04-21 18:32:13.4887|INFO|AutomationFrameWork.Base.ReportManager|Total Test Case: 2
2016-04-21 18:32:13.4887|INFO|AutomationFrameWork.Base.ReportManager|Test result Passed
2016-04-21 18:32:13.4887|INFO|AutomationFrameWork.Base.ReportManager|Test error 
2016-04-21 18:32:13.4887|INFO|AutomationFrameWork.Base.ReportManager|Test result mess 
2016-04-21 18:32:13.4887|INFO|AutomationFrameWork.Base.ReportManager|check onetime teardown: 75--False
2016-04-21 18:32:13.5027|INFO|AutomationFrameWork.Base.ReportManager|check onetime teardown: 76--False
2016-04-21 18:32:13.5027|INFO|AutomationFrameWork.Base.ReportManager|check onetime teardown: 77--False
2016-04-21 18:32:13.5027|INFO|AutomationFrameWork.Base.ReportManager|After in report Suite: --, from TestNlog.{no method}.
2016-04-21 18:32:13.5187|INFO|AutomationFrameWork.Base.ReportManager|Total Test Case: 2
2016-04-21 18:32:13.5187|INFO|AutomationFrameWork.Base.ReportManager|Test result Passed
2016-04-21 18:32:13.5187|INFO|AutomationFrameWork.Base.ReportManager|Test error 
2016-04-21 18:32:13.5187|INFO|AutomationFrameWork.Base.ReportManager|Test result mess 
2016-04-21 18:32:13.5187|INFO|AutomationFrameWork.Base.ReportManager|check onetime teardown: 75--True
2016-04-21 18:32:13.5187|INFO|AutomationFrameWork.Base.ReportManager|check onetime teardown: 76--True
2016-04-21 18:32:13.5187|INFO|AutomationFrameWork.Base.ReportManager|check onetime teardown: 77--True
2016-04-21 18:32:13.5337|INFO|AutomationFrameWork.Base.ReportManager|check onetime teardown: 78--True
2016-04-21 18:32:13.5337|INFO|AutomationFrameWork.Base.ReportManager|check onetime teardown: 79--True
2016-04-21 18:32:13.5337|INFO|AutomationFrameWork.Base.ReportManager|check onetime teardown: 81--True
2016-04-21 18:32:13.5337|INFO|AutomationFrameWork.Base.ReportManager|check onetime teardown: 82--True
2016-04-21 18:32:13.5337|INFO|AutomationFrameWork.Base.ReportManager|check onetime teardown: 83--True
2016-04-21 18:32:13.5337|INFO|AutomationFrameWork.Base.ReportManager|check onetime teardown: 84--True
2016-04-21 18:32:13.5337|INFO|AutomationFrameWork.Base.ReportManager|check onetime teardown: 85--True
2016-04-21 18:32:13.5337|INFO|AutomationFrameWork.Base.ReportManager|check onetime teardown: 86--True
2016-04-21 18:32:13.5487|INFO|AutomationFrameWork.Base.ReportManager|check onetime teardown: 87--True
2016-04-21 18:32:13.5487|INFO|AutomationFrameWork.Base.ReportManager|check onetime teardown: 88--True
2016-04-21 18:32:13.5487|INFO|AutomationFrameWork.Base.ReportManager|check onetime teardown: 89--True
2016-04-21 18:32:13.5487|INFO|AutomationFrameWork.Base.ReportManager|Total Pass: 1
2016-04-21 18:32:13.5487|INFO|AutomationFrameWork.Base.ReportManager|Total Fail: 0
2016-04-21 18:32:13.5487|INFO|AutomationFrameWork.Base.ReportManager|Total Error: 0
----------NLog Demo Ending-----------
