----------NLog Demo Starting--------
2016-04-21 17:06:45.6034|INFO|AutomationFrameWork.Base.ReportManager|This run one time
2016-04-21 17:06:45.6114|INFO|AutomationFrameWork.Base.ReportManager|Total Pass: 0
2016-04-21 17:06:45.6114|INFO|AutomationFrameWork.Base.ReportManager|Total Fail: 0
2016-04-21 17:06:45.6254|INFO|AutomationFrameWork.Base.ReportManager|Total Error: 0
2016-04-21 17:06:45.6254|INFO|AutomationFrameWork.Base.ReportManager|Before in report Suite: --, from TestNlog.{no method}.
2016-04-21 17:06:45.6254|INFO|AutomationFrameWork.Base.ReportManager|Total Test Case: 2
2016-04-21 17:06:45.6254|INFO|AutomationFrameWork.Base.ReportManager|Start test AutomationFrameWork.TestNlog
2016-04-21 17:06:48.7135|INFO|AutomationFrameWork.Base.ReportManager|Before in report Test: --, from TestNlog.Use1.
2016-04-21 17:06:48.7135|INFO|AutomationFrameWork.Base.ReportManager|Total Test Case: 1
2016-04-21 17:06:48.7135|INFO|AutomationFrameWork.Base.ReportManager|Start test AutomationFrameWork.TestNlog.Use1
2016-04-21 17:07:33.7212|INFO|AutomationFrameWork.Base.ReportManager|After in report Test: --, from TestNlog.Use1.
2016-04-21 17:07:33.7212|INFO|AutomationFrameWork.Base.ReportManager|Total Test Case: 1
2016-04-21 17:07:33.7212|INFO|AutomationFrameWork.Base.ReportManager|Test result Passed
2016-04-21 17:07:33.7212|INFO|AutomationFrameWork.Base.ReportManager|Test error 
2016-04-21 17:07:33.7212|INFO|AutomationFrameWork.Base.ReportManager|Test result mess 
2016-04-21 17:07:36.9404|INFO|AutomationFrameWork.Base.ReportManager|Before in report Test: --, from TestNlog.Use2.
2016-04-21 17:07:36.9404|INFO|AutomationFrameWork.Base.ReportManager|Total Test Case: 1
2016-04-21 17:07:36.9404|INFO|AutomationFrameWork.Base.ReportManager|Start test AutomationFrameWork.TestNlog.Use2
2016-04-21 17:08:06.9477|INFO|AutomationFrameWork.Base.ReportManager|After in report Test: --, from TestNlog.Use2.
2016-04-21 17:08:06.9477|INFO|AutomationFrameWork.Base.ReportManager|Total Test Case: 1
2016-04-21 17:08:06.9527|INFO|AutomationFrameWork.Base.ReportManager|Test result Passed
2016-04-21 17:08:06.9527|INFO|AutomationFrameWork.Base.ReportManager|Test error 
2016-04-21 17:08:06.9527|INFO|AutomationFrameWork.Base.ReportManager|Test result mess 
2016-04-21 17:08:07.2727|INFO|AutomationFrameWork.Base.ReportManager|After in report Suite: --, from TestNlog.{no method}.
2016-04-21 17:08:07.2727|INFO|AutomationFrameWork.Base.ReportManager|Total Test Case: 2
2016-04-21 17:08:07.2837|INFO|AutomationFrameWork.Base.ReportManager|Test result Passed
2016-04-21 17:08:07.2837|INFO|AutomationFrameWork.Base.ReportManager|Test error 
2016-04-21 17:08:07.2837|INFO|AutomationFrameWork.Base.ReportManager|Test result mess 
2016-04-21 17:08:07.2967|INFO|AutomationFrameWork.Base.ReportManager|check onetime teardown: 75--True
2016-04-21 17:08:07.2967|INFO|AutomationFrameWork.Base.ReportManager|check onetime teardown: 76--True
2016-04-21 17:08:07.2967|INFO|AutomationFrameWork.Base.ReportManager|check onetime teardown: 77--True
2016-04-21 17:08:07.2967|INFO|AutomationFrameWork.Base.ReportManager|check onetime teardown: 78--True
2016-04-21 17:08:07.2967|INFO|AutomationFrameWork.Base.ReportManager|check onetime teardown: 79--True
2016-04-21 17:08:07.2967|INFO|AutomationFrameWork.Base.ReportManager|check onetime teardown: 81--True
2016-04-21 17:08:07.3137|INFO|AutomationFrameWork.Base.ReportManager|check onetime teardown: 82--True
2016-04-21 17:08:07.3137|INFO|AutomationFrameWork.Base.ReportManager|Total Pass: 2
2016-04-21 17:08:07.3137|INFO|AutomationFrameWork.Base.ReportManager|Total Fail: 0
2016-04-21 17:08:07.3137|INFO|AutomationFrameWork.Base.ReportManager|Total Error: 0
----------NLog Demo Ending-----------
