----------NLog Demo Starting--------
2016-04-21 16:51:12.1578|INFO|AutomationFrameWork.Base.ReportManager|This run one time
2016-04-21 16:51:12.1698|INFO|AutomationFrameWork.Base.ReportManager|Total Pass: 0
2016-04-21 16:51:12.1698|INFO|AutomationFrameWork.Base.ReportManager|Total Fail: 0
2016-04-21 16:51:12.1698|INFO|AutomationFrameWork.Base.ReportManager|Total Error: 0
2016-04-21 16:51:12.1698|INFO|AutomationFrameWork.Base.ReportManager|Before in report Suite: --, from TestNlog.{no method}.
2016-04-21 16:51:12.1698|INFO|AutomationFrameWork.Base.ReportManager|Total Test Case: 2
2016-04-21 16:51:12.1698|INFO|AutomationFrameWork.Base.ReportManager|Start test AutomationFrameWork.TestNlog
2016-04-21 16:51:12.1868|INFO|AutomationFrameWork.Base.ReportManager|Before in report Test: --, from TestNlog.Use1.
2016-04-21 16:51:12.1868|INFO|AutomationFrameWork.Base.ReportManager|Total Test Case: 1
2016-04-21 16:51:12.1868|INFO|AutomationFrameWork.Base.ReportManager|Start test AutomationFrameWork.TestNlog.Use1
2016-04-21 16:51:16.8292|INFO|AutomationFrameWork.Base.ReportManager|After in report Test: --, from TestNlog.Use1.
2016-04-21 16:51:16.8292|INFO|AutomationFrameWork.Base.ReportManager|Total Test Case: 1
2016-04-21 16:51:16.8292|INFO|AutomationFrameWork.Base.ReportManager|Test result Passed
2016-04-21 16:51:16.8292|INFO|AutomationFrameWork.Base.ReportManager|Test error 
2016-04-21 16:51:16.8292|INFO|AutomationFrameWork.Base.ReportManager|Test result mess 
2016-04-21 16:51:16.8502|INFO|AutomationFrameWork.Base.ReportManager|Before in report Test: --, from TestNlog.Use2.
2016-04-21 16:51:16.8502|INFO|AutomationFrameWork.Base.ReportManager|Total Test Case: 1
2016-04-21 16:51:16.8502|INFO|AutomationFrameWork.Base.ReportManager|Start test AutomationFrameWork.TestNlog.Use2
2016-04-21 16:51:19.5238|INFO|AutomationFrameWork.Base.ReportManager|After in report Test: --, from TestNlog.Use2.
2016-04-21 16:51:19.5288|INFO|AutomationFrameWork.Base.ReportManager|Total Test Case: 1
2016-04-21 16:51:19.5288|INFO|AutomationFrameWork.Base.ReportManager|Test result Passed
2016-04-21 16:51:19.5288|INFO|AutomationFrameWork.Base.ReportManager|Test error 
2016-04-21 16:51:19.5288|INFO|AutomationFrameWork.Base.ReportManager|Test result mess 
2016-04-21 16:51:19.5288|INFO|AutomationFrameWork.Base.ReportManager|After in report Suite: --, from TestNlog.{no method}.
2016-04-21 16:51:19.5288|INFO|AutomationFrameWork.Base.ReportManager|Total Test Case: 2
2016-04-21 16:51:19.5439|INFO|AutomationFrameWork.Base.ReportManager|Test result Passed
2016-04-21 16:51:19.5439|INFO|AutomationFrameWork.Base.ReportManager|Test error 
2016-04-21 16:51:19.5439|INFO|AutomationFrameWork.Base.ReportManager|Test result mess 
2016-04-21 16:51:19.5439|INFO|AutomationFrameWork.Base.ReportManager|check onetime teardown: 75--False
2016-04-21 16:51:19.5439|INFO|AutomationFrameWork.Base.ReportManager|check onetime teardown: 76--False
2016-04-21 16:51:19.5439|INFO|AutomationFrameWork.Base.ReportManager|check onetime teardown: 77--False
2016-04-21 16:51:19.5439|INFO|AutomationFrameWork.Base.ReportManager|check onetime teardown: 78--False
2016-04-21 16:51:19.5599|INFO|AutomationFrameWork.Base.ReportManager|check onetime teardown: 79--False
2016-04-21 16:51:19.5599|INFO|AutomationFrameWork.Base.ReportManager|check onetime teardown: 81--False
2016-04-21 16:51:19.5599|INFO|AutomationFrameWork.Base.ReportManager|check onetime teardown: 82--True
2016-04-21 16:51:19.5599|INFO|AutomationFrameWork.Base.ReportManager|Total Pass: 2
2016-04-21 16:51:19.5599|INFO|AutomationFrameWork.Base.ReportManager|Total Fail: 0
2016-04-21 16:51:19.5599|INFO|AutomationFrameWork.Base.ReportManager|Total Error: 0
----------NLog Demo Ending-----------
