----------NLog Demo Starting--------
2016-04-21 17:09:28.0078|INFO|AutomationFrameWork.Base.ReportManager|This run one time
2016-04-21 17:09:28.0078|INFO|AutomationFrameWork.Base.ReportManager|This run one time
2016-04-21 17:09:28.0158|INFO|AutomationFrameWork.Base.ReportManager|Total Pass: 0
2016-04-21 17:09:28.0158|INFO|AutomationFrameWork.Base.ReportManager|Total Pass: 0
2016-04-21 17:09:28.0288|INFO|AutomationFrameWork.Base.ReportManager|Total Fail: 0
2016-04-21 17:09:28.0158|INFO|AutomationFrameWork.Base.ReportManager|Total Fail: 0
2016-04-21 17:09:28.0288|INFO|AutomationFrameWork.Base.ReportManager|Total Error: 0
2016-04-21 17:09:28.0288|INFO|AutomationFrameWork.Base.ReportManager|Total Error: 0
2016-04-21 17:09:28.0288|INFO|AutomationFrameWork.Base.ReportManager|Before in report Suite: --, from TestNlog.{no method}.
2016-04-21 17:09:28.0288|INFO|AutomationFrameWork.Base.ReportManager|Total Test Case: 2
2016-04-21 17:09:28.0288|INFO|AutomationFrameWork.Base.ReportManager|Before in report Suite: --, from TestNlog2.{no method}.
2016-04-21 17:09:28.0288|INFO|AutomationFrameWork.Base.ReportManager|Total Test Case: 2
2016-04-21 17:09:28.0288|INFO|AutomationFrameWork.Base.ReportManager|Start test AutomationFrameWork.TestNlog
2016-04-21 17:09:28.0288|INFO|AutomationFrameWork.Base.ReportManager|Start test AutomationFrameWork.TestNlog2
2016-04-21 17:09:31.5320|INFO|AutomationFrameWork.Base.ReportManager|Before in report Test: --, from TestNlog.Use1.
2016-04-21 17:09:31.5320|INFO|AutomationFrameWork.Base.ReportManager|Total Test Case: 1
2016-04-21 17:09:31.5440|INFO|AutomationFrameWork.Base.ReportManager|Start test AutomationFrameWork.TestNlog.Use1
2016-04-21 17:09:31.5320|INFO|AutomationFrameWork.Base.ReportManager|Before in report Test: --, from TestNlog2.Use1.
2016-04-21 17:09:31.5440|INFO|AutomationFrameWork.Base.ReportManager|Total Test Case: 1
2016-04-21 17:09:31.5440|INFO|AutomationFrameWork.Base.ReportManager|Start test AutomationFrameWork.TestNlog2.Use1
2016-04-21 17:10:16.5492|INFO|AutomationFrameWork.Base.ReportManager|After in report Test: --, from TestNlog.Use1.
2016-04-21 17:10:16.5492|INFO|AutomationFrameWork.Base.ReportManager|Total Test Case: 1
2016-04-21 17:10:16.5492|INFO|AutomationFrameWork.Base.ReportManager|Test result Passed
2016-04-21 17:10:16.5492|INFO|AutomationFrameWork.Base.ReportManager|Test error 
2016-04-21 17:10:16.5492|INFO|AutomationFrameWork.Base.ReportManager|Test result mess 
2016-04-21 17:10:16.5492|INFO|AutomationFrameWork.Base.ReportManager|After in report Test: --, from TestNlog2.Use1.
2016-04-21 17:10:16.5632|INFO|AutomationFrameWork.Base.ReportManager|Total Test Case: 1
2016-04-21 17:10:16.5632|INFO|AutomationFrameWork.Base.ReportManager|Test result Passed
2016-04-21 17:10:16.5632|INFO|AutomationFrameWork.Base.ReportManager|Test error 
2016-04-21 17:10:16.5762|INFO|AutomationFrameWork.Base.ReportManager|Test result mess 
2016-04-21 17:10:20.0433|INFO|AutomationFrameWork.Base.ReportManager|Before in report Test: --, from TestNlog.Use2.
2016-04-21 17:10:20.0433|INFO|AutomationFrameWork.Base.ReportManager|Total Test Case: 1
2016-04-21 17:10:20.0433|INFO|AutomationFrameWork.Base.ReportManager|Start test AutomationFrameWork.TestNlog.Use2
2016-04-21 17:10:20.0783|INFO|AutomationFrameWork.Base.ReportManager|Before in report Test: --, from TestNlog2.Use2.
2016-04-21 17:10:20.0783|INFO|AutomationFrameWork.Base.ReportManager|Total Test Case: 1
2016-04-21 17:10:20.0783|INFO|AutomationFrameWork.Base.ReportManager|Start test AutomationFrameWork.TestNlog2.Use2
2016-04-21 17:10:50.0548|INFO|AutomationFrameWork.Base.ReportManager|After in report Test: --, from TestNlog.Use2.
2016-04-21 17:10:50.0548|INFO|AutomationFrameWork.Base.ReportManager|Total Test Case: 1
2016-04-21 17:10:50.0598|INFO|AutomationFrameWork.Base.ReportManager|Test result Passed
2016-04-21 17:10:50.0598|INFO|AutomationFrameWork.Base.ReportManager|Test error 
2016-04-21 17:10:50.0598|INFO|AutomationFrameWork.Base.ReportManager|Test result mess 
2016-04-21 17:10:50.0928|INFO|AutomationFrameWork.Base.ReportManager|After in report Test: --, from TestNlog2.Use2.
2016-04-21 17:10:50.0928|INFO|AutomationFrameWork.Base.ReportManager|Total Test Case: 1
2016-04-21 17:10:50.0928|INFO|AutomationFrameWork.Base.ReportManager|Test result Passed
2016-04-21 17:10:50.0928|INFO|AutomationFrameWork.Base.ReportManager|Test error 
2016-04-21 17:10:50.1078|INFO|AutomationFrameWork.Base.ReportManager|Test result mess 
2016-04-21 17:10:50.4478|INFO|AutomationFrameWork.Base.ReportManager|After in report Suite: --, from TestNlog.{no method}.
2016-04-21 17:10:50.4518|INFO|AutomationFrameWork.Base.ReportManager|Total Test Case: 2
2016-04-21 17:10:50.4518|INFO|AutomationFrameWork.Base.ReportManager|Test result Passed
2016-04-21 17:10:50.4838|INFO|AutomationFrameWork.Base.ReportManager|Test error 
2016-04-21 17:10:50.4838|INFO|AutomationFrameWork.Base.ReportManager|Test result mess 
2016-04-21 17:10:50.4518|INFO|AutomationFrameWork.Base.ReportManager|After in report Suite: --, from TestNlog2.{no method}.
2016-04-21 17:10:50.5038|INFO|AutomationFrameWork.Base.ReportManager|Total Test Case: 2
2016-04-21 17:10:50.5038|INFO|AutomationFrameWork.Base.ReportManager|check onetime teardown: 79--True
2016-04-21 17:10:50.5128|INFO|AutomationFrameWork.Base.ReportManager|check onetime teardown: 75--True
2016-04-21 17:10:50.5128|INFO|AutomationFrameWork.Base.ReportManager|Test result Passed
2016-04-21 17:10:50.5128|INFO|AutomationFrameWork.Base.ReportManager|check onetime teardown: 76--True
2016-04-21 17:10:50.5128|INFO|AutomationFrameWork.Base.ReportManager|check onetime teardown: 77--True
2016-04-21 17:10:50.5128|INFO|AutomationFrameWork.Base.ReportManager|Test error 
2016-04-21 17:10:50.5298|INFO|AutomationFrameWork.Base.ReportManager|Test result mess 
2016-04-21 17:10:50.5298|INFO|AutomationFrameWork.Base.ReportManager|check onetime teardown: 78--True
2016-04-21 17:10:50.5298|INFO|AutomationFrameWork.Base.ReportManager|check onetime teardown: 81--True
2016-04-21 17:10:50.5298|INFO|AutomationFrameWork.Base.ReportManager|check onetime teardown: 79--True
2016-04-21 17:10:50.5438|INFO|AutomationFrameWork.Base.ReportManager|check onetime teardown: 82--True
2016-04-21 17:10:50.5438|INFO|AutomationFrameWork.Base.ReportManager|check onetime teardown: 83--True
2016-04-21 17:10:50.5438|INFO|AutomationFrameWork.Base.ReportManager|check onetime teardown: 75--True
2016-04-21 17:10:50.5438|INFO|AutomationFrameWork.Base.ReportManager|check onetime teardown: 76--True
2016-04-21 17:10:50.5438|INFO|AutomationFrameWork.Base.ReportManager|check onetime teardown: 84--True
2016-04-21 17:10:50.5598|INFO|AutomationFrameWork.Base.ReportManager|check onetime teardown: 77--True
2016-04-21 17:10:50.5598|INFO|AutomationFrameWork.Base.ReportManager|check onetime teardown: 85--True
2016-04-21 17:10:50.5598|INFO|AutomationFrameWork.Base.ReportManager|check onetime teardown: 78--True
2016-04-21 17:10:50.5598|INFO|AutomationFrameWork.Base.ReportManager|check onetime teardown: 86--True
2016-04-21 17:10:50.5758|INFO|AutomationFrameWork.Base.ReportManager|check onetime teardown: 87--True
2016-04-21 17:10:50.5598|INFO|AutomationFrameWork.Base.ReportManager|check onetime teardown: 81--True
2016-04-21 17:10:50.5758|INFO|AutomationFrameWork.Base.ReportManager|check onetime teardown: 88--True
2016-04-21 17:10:50.5758|INFO|AutomationFrameWork.Base.ReportManager|check onetime teardown: 82--True
2016-04-21 17:10:50.5758|INFO|AutomationFrameWork.Base.ReportManager|check onetime teardown: 83--True
2016-04-21 17:10:50.5758|INFO|AutomationFrameWork.Base.ReportManager|check onetime teardown: 89--True
2016-04-21 17:10:50.5908|INFO|AutomationFrameWork.Base.ReportManager|check onetime teardown: 84--True
2016-04-21 17:10:50.5908|INFO|AutomationFrameWork.Base.ReportManager|Total Pass: 2
2016-04-21 17:10:50.5908|INFO|AutomationFrameWork.Base.ReportManager|check onetime teardown: 85--True
2016-04-21 17:10:50.5908|INFO|AutomationFrameWork.Base.ReportManager|Total Fail: 0
2016-04-21 17:10:50.5908|INFO|AutomationFrameWork.Base.ReportManager|check onetime teardown: 86--True
2016-04-21 17:10:50.6058|INFO|AutomationFrameWork.Base.ReportManager|Total Error: 0
2016-04-21 17:10:50.6058|INFO|AutomationFrameWork.Base.ReportManager|check onetime teardown: 87--True
2016-04-21 17:10:50.6058|INFO|AutomationFrameWork.Base.ReportManager|check onetime teardown: 88--True
2016-04-21 17:10:50.6058|INFO|AutomationFrameWork.Base.ReportManager|check onetime teardown: 89--True
2016-04-21 17:10:50.6058|INFO|AutomationFrameWork.Base.ReportManager|Total Pass: 2
2016-04-21 17:10:50.6228|INFO|AutomationFrameWork.Base.ReportManager|Total Fail: 0
2016-04-21 17:10:50.6228|INFO|AutomationFrameWork.Base.ReportManager|Total Error: 0
----------NLog Demo Ending-----------
